c:\users\tongm\source\repos\tetris\tetris\debug\vc142.pdb
c:\users\tongm\source\repos\tetris\tetris\debug\vc142.idb
c:\users\tongm\source\repos\tetris\tetris\debug\tetris.obj
c:\users\tongm\onedrive\documents\github\c-tetris\tetris\debug\vc142.pdb
c:\users\tongm\onedrive\documents\github\c-tetris\tetris\debug\vc142.idb
c:\users\tongm\onedrive\documents\github\c-tetris\tetris\debug\tetris.obj
c:\users\tongm\source\repos\tetris\debug\tetris.ilk
c:\users\tongm\source\repos\tetris\debug\tetris.exe
c:\users\tongm\source\repos\tetris\debug\tetris.pdb
c:\users\tongm\onedrive\documents\github\c-tetris\debug\tetris.exe
c:\users\tongm\onedrive\documents\github\c-tetris\debug\tetris.ilk
c:\users\tongm\onedrive\documents\github\c-tetris\debug\tetris.pdb
c:\users\tongm\source\repos\tetris\tetris\debug\tetris.res
c:\users\tongm\onedrive\documents\github\c-tetris\tetris\debug\tetris.res
c:\users\tongm\onedrive\documents\github\c-tetris\tetris\debug\tetris.tlog\cl.command.1.tlog
c:\users\tongm\onedrive\documents\github\c-tetris\tetris\debug\tetris.tlog\cl.read.1.tlog
c:\users\tongm\onedrive\documents\github\c-tetris\tetris\debug\tetris.tlog\cl.write.1.tlog
c:\users\tongm\onedrive\documents\github\c-tetris\tetris\debug\tetris.tlog\link.command.1.tlog
c:\users\tongm\onedrive\documents\github\c-tetris\tetris\debug\tetris.tlog\link.read.1.tlog
c:\users\tongm\onedrive\documents\github\c-tetris\tetris\debug\tetris.tlog\link.write.1.tlog
c:\users\tongm\onedrive\documents\github\c-tetris\tetris\debug\tetris.tlog\rc.command.1.tlog
c:\users\tongm\onedrive\documents\github\c-tetris\tetris\debug\tetris.tlog\rc.read.1.tlog
c:\users\tongm\onedrive\documents\github\c-tetris\tetris\debug\tetris.tlog\rc.write.1.tlog
